<?xml version="1.0" encoding="UTF-8"?>
<!-- Generated by org.testng.reporters.JUnitReportReporter -->
<testsuite hostname="Ahaana" failures="0" tests="1" name="spyne.SpyneTest" time="21.474" errors="0" timestamp="2024-09-06T13:39:48 IST" skipped="0">
  <testcase classname="spyne.SpyneTest" name="navigation" time="21.474"/>
</testsuite> <!-- spyne.SpyneTest -->
